<?xml version="1.0" encoding="UTF-8" ?>
<testsuite failures="1" time="16.803" errors="0" skipped="0" tests="1" name="br.com.story.phrase.MyResourceTest">
  <properties>
[...]
</properties>
  <testcase time="16.803" classname="br.com.story.phrase.MyResourceTest" name="testGetIt">
    <failure message="expected:&lt;[Hello, Heroku!]&gt; but was:&lt;[br.com.story.phrase.service.ScriptService@19cb8]&gt;" type="org.junit.ComparisonFailure">org.junit.ComparisonFailure: expected:&lt;[Hello, Heroku!]&gt; but was:&lt;[br.com.story.phrase.service.ScriptService@19cb8]&gt;
	at org.junit.Assert.assertEquals(Assert.java:115)
	at org.junit.Assert.assertEquals(Assert.java:144)
	at br.com.story.phrase.MyResourceTest.testGetIt(MyResourceTest.java:27)
	at sun.reflect.NativeMethodAccessorImpl.invoke0(Native Method)
	at sun.reflect.NativeMethodAccessorImpl.invoke(NativeMethodAccessorImpl.java:57)
	at sun.reflect.DelegatingMethodAccessorImpl.invoke(DelegatingMethodAccessorImpl.java:43)
	at java.lang.reflect.Method.invoke(Method.java:606)
	at org.junit.runners.model.FrameworkMethod$1.runReflectiveCall(FrameworkMethod.java:50)
	at org.junit.internal.runners.model.ReflectiveCallable.run(ReflectiveCallable.java:12)
	at org.junit.runners.model.FrameworkMethod.invokeExplosively(FrameworkMethod.java:47)
	at org.junit.internal.runners.statements.InvokeMethod.evaluate(InvokeMethod.java:17)
	at org.junit.internal.runners.statements.RunBefores.evaluate(RunBefores.java:26)
	at org.junit.internal.runners.statements.RunAfters.evaluate(RunAfters.java:27)
	at org.junit.runners.ParentRunner.runLeaf(ParentRunner.java:325)
	at org.junit.runners.BlockJUnit4ClassRunner.runChild(BlockJUnit4ClassRunner.java:78)
	at org.junit.runners.BlockJUnit4ClassRunner.runChild(BlockJUnit4ClassRunner.java:57)
	at org.junit.runners.ParentRunner$3.run(ParentRunner.java:290)
	at org.junit.runners.ParentRunner$1.schedule(ParentRunner.java:71)
	at org.junit.runners.ParentRunner.runChildren(ParentRunner.java:288)
	at org.junit.runners.ParentRunner.access$000(ParentRunner.java:58)
	at org.junit.runners.ParentRunner$2.evaluate(ParentRunner.java:268)
	at org.junit.runners.ParentRunner.run(ParentRunner.java:363)
	at org.apache.maven.surefire.junit4.JUnit4Provider.execute(JUnit4Provider.java:252)
	at org.apache.maven.surefire.junit4.JUnit4Provider.executeTestSet(JUnit4Provider.java:141)
	at org.apache.maven.surefire.junit4.JUnit4Provider.invoke(JUnit4Provider.java:112)
	at sun.reflect.NativeMethodAccessorImpl.invoke0(Native Method)
	at sun.reflect.NativeMethodAccessorImpl.invoke(NativeMethodAccessorImpl.java:57)
	at sun.reflect.DelegatingMethodAccessorImpl.invoke(DelegatingMethodAccessorImpl.java:43)
	at java.lang.reflect.Method.invoke(Method.java:606)
	at org.apache.maven.surefire.util.ReflectionUtils.invokeMethodWithArray(ReflectionUtils.java:189)
	at org.apache.maven.surefire.booter.ProviderFactory$ProviderProxy.invoke(ProviderFactory.java:165)
	at org.apache.maven.surefire.booter.ProviderFactory.invokeProvider(ProviderFactory.java:85)
	at org.apache.maven.surefire.booter.ForkedBooter.runSuitesInProcess(ForkedBooter.java:115)
	at org.apache.maven.surefire.booter.ForkedBooter.main(ForkedBooter.java:75)
</failure>
    <system-err>Nov 09, 2015 12:13:25 AM org.glassfish.jersey.test.grizzly.GrizzlyTestContainerFactory$GrizzlyTestContainer &lt;init&gt;
INFO: Creating GrizzlyTestContainer configured at the base URI http://localhost:9998/
Nov 09, 2015 12:13:26 AM org.springframework.context.support.AbstractApplicationContext prepareRefresh
INFO: Refreshing org.springframework.context.support.ClassPathXmlApplicationContext@1e09add: startup date [Mon Nov 09 00:13:26 BRST 2015]; root of context hierarchy
Nov 09, 2015 12:13:26 AM org.springframework.beans.factory.xml.XmlBeanDefinitionReader loadBeanDefinitions
INFO: Loading XML bean definitions from class path resource [applicationContext.xml]
Nov 09, 2015 12:13:27 AM org.springframework.context.annotation.ClassPathScanningCandidateComponentProvider registerDefaultFilters
INFO: JSR-250 &apos;javax.annotation.ManagedBean&apos; found and supported for component scanning
Nov 09, 2015 12:13:27 AM org.springframework.context.annotation.ClassPathScanningCandidateComponentProvider registerDefaultFilters
INFO: JSR-330 &apos;javax.inject.Named&apos; annotation found and supported for component scanning
Nov 09, 2015 12:13:27 AM org.springframework.beans.factory.xml.XmlBeanDefinitionReader loadBeanDefinitions
INFO: Loading XML bean definitions from class path resource [jersey-spring-applicationContext.xml]
Nov 09, 2015 12:13:28 AM org.springframework.beans.factory.annotation.AutowiredAnnotationBeanPostProcessor &lt;init&gt;
INFO: JSR-330 &apos;javax.inject.Inject&apos; annotation found and supported for autowiring
Nov 09, 2015 12:13:28 AM org.springframework.beans.factory.support.DefaultListableBeanFactory preInstantiateSingletons
INFO: Pre-instantiating singletons in org.springframework.beans.factory.support.DefaultListableBeanFactory@19b9f57: defining beans [org.springframework.context.annotation.internalConfigurationAnnotationProcessor,org.springframework.context.annotation.internalAutowiredAnnotationProcessor,org.springframework.context.annotation.internalRequiredAnnotationProcessor,org.springframework.context.annotation.internalCommonAnnotationProcessor,org.springframework.context.annotation.internalPersistenceAnnotationProcessor,movieSettingDaoImpl,characterDaoImpl,scriptDaoImpl,characterService,scriptService,movieSettingService,dataSource,sessionFactory,scriptResource,transactionManager,org.springframework.beans.factory.config.CustomScopeConfigurer#0]; root of factory hierarchy
SLF4J: Failed to load class &quot;org.slf4j.impl.StaticLoggerBinder&quot;.
SLF4J: Defaulting to no-operation (NOP) logger implementation
SLF4J: See http://www.slf4j.org/codes.html#StaticLoggerBinder for further details.
Nov 09, 2015 12:13:30 AM org.springframework.orm.hibernate3.LocalSessionFactoryBean buildSessionFactory
INFO: Building new Hibernate SessionFactory
</system-err>
  </testcase>
</testsuite>